
2024/03/15 (20:28:56) | ===> btop++ v.1.3.2
2024/03/15 (20:28:56) | INFO: Logger set to INFO
2024/03/15 (20:28:57) | INFO: Logger set to DEBUG
2024/03/15 (20:29:00) | DEBUG: Writing new config file
2024/03/15 (20:29:00) | INFO: Quitting! Runtime: 00:01:11

2024/03/15 (20:41:45) | ===> btop++ v.1.3.2
2024/03/15 (20:41:45) | INFO: Logger set to DEBUG
2024/03/15 (20:41:45) | DEBUG: Using locale en_US.UTF-8
2024/03/15 (20:41:45) | INFO: Running on /dev/pts/1
2024/03/15 (20:41:45) | INFO: Failed to load librocm_smi64.so, AMD GPUs will not be detected: librocm_smi64.so.6: cannot open shared object file: No such file or directory
2024/03/15 (20:41:45) | DEBUG: Shared::init() : Initialized.

2024/03/16 (11:46:57) | ===> btop++ v.1.3.2
2024/03/16 (11:46:57) | INFO: Logger set to DEBUG
2024/03/16 (11:46:57) | DEBUG: Using locale en_US.UTF-8
2024/03/16 (11:46:57) | INFO: Running on /dev/pts/0
2024/03/16 (11:46:57) | INFO: Failed to load librocm_smi64.so, AMD GPUs will not be detected: librocm_smi64.so.6: cannot open shared object file: No such file or directory
2024/03/16 (11:46:57) | DEBUG: Shared::init() : Initialized.

2024/03/16 (12:20:13) | ===> btop++ v.1.3.2
2024/03/16 (12:20:13) | INFO: Logger set to DEBUG
2024/03/16 (12:20:13) | DEBUG: Using locale en_US.UTF-8
2024/03/16 (12:20:13) | INFO: Running on /dev/pts/0
2024/03/16 (12:20:13) | INFO: Failed to load librocm_smi64.so, AMD GPUs will not be detected: librocm_smi64.so.6: cannot open shared object file: No such file or directory
2024/03/16 (12:20:13) | DEBUG: Shared::init() : Initialized.

2024/03/16 (14:50:35) | ===> btop++ v.1.3.2
2024/03/16 (14:50:35) | INFO: Logger set to DEBUG
2024/03/16 (14:50:35) | DEBUG: Using locale en_US.UTF-8
2024/03/16 (14:50:35) | INFO: Running on /dev/pts/1
2024/03/16 (14:50:35) | INFO: Failed to load librocm_smi64.so, AMD GPUs will not be detected: librocm_smi64.so.6: cannot open shared object file: No such file or directory
2024/03/16 (14:50:35) | DEBUG: Shared::init() : Initialized.

2024/03/17 (12:05:26) | ===> btop++ v.1.3.2
2024/03/17 (12:05:26) | INFO: Logger set to DEBUG
2024/03/17 (12:05:26) | DEBUG: Using locale en_US.UTF-8
2024/03/17 (12:05:26) | INFO: Running on /dev/pts/0
2024/03/17 (12:05:26) | INFO: Failed to load librocm_smi64.so, AMD GPUs will not be detected: librocm_smi64.so.6: cannot open shared object file: No such file or directory
2024/03/17 (12:05:26) | DEBUG: Shared::init() : Initialized.

2024/03/18 (01:15:34) | ===> btop++ v.1.3.2
2024/03/18 (01:15:34) | INFO: Logger set to DEBUG
2024/03/18 (01:15:34) | DEBUG: Using locale en_US.UTF-8
2024/03/18 (01:15:34) | INFO: Running on /dev/pts/0
2024/03/18 (01:15:34) | INFO: Failed to load librocm_smi64.so, AMD GPUs will not be detected: librocm_smi64.so.6: cannot open shared object file: No such file or directory
2024/03/18 (01:15:34) | DEBUG: Shared::init() : Initialized.

2024/03/18 (18:51:22) | ===> btop++ v.1.3.2
2024/03/18 (18:51:22) | INFO: Logger set to DEBUG
2024/03/18 (18:51:22) | DEBUG: Using locale en_US.UTF-8
2024/03/18 (18:51:22) | INFO: Running on /dev/pts/0
2024/03/18 (18:51:22) | INFO: Failed to load librocm_smi64.so, AMD GPUs will not be detected: librocm_smi64.so.6: cannot open shared object file: No such file or directory
2024/03/18 (18:51:22) | DEBUG: Shared::init() : Initialized.

2024/03/18 (18:51:25) | ===> btop++ v.1.3.2
2024/03/18 (18:51:25) | INFO: Logger set to DEBUG
2024/03/18 (18:51:25) | DEBUG: Using locale en_US.UTF-8
2024/03/18 (18:51:25) | INFO: Running on /dev/pts/0
2024/03/18 (18:51:25) | INFO: Failed to load librocm_smi64.so, AMD GPUs will not be detected: librocm_smi64.so.6: cannot open shared object file: No such file or directory
2024/03/18 (18:51:25) | DEBUG: Shared::init() : Initialized.

2024/03/20 (16:19:14) | ===> btop++ v.1.3.2
2024/03/20 (16:19:14) | INFO: Logger set to DEBUG
2024/03/20 (16:19:14) | DEBUG: Using locale en_US.UTF-8
2024/03/20 (16:19:14) | INFO: Running on /dev/pts/0
2024/03/20 (16:19:14) | INFO: Failed to load librocm_smi64.so, AMD GPUs will not be detected: librocm_smi64.so.6: cannot open shared object file: No such file or directory
2024/03/20 (16:19:14) | DEBUG: Shared::init() : Initialized.

2024/03/21 (12:33:30) | ===> btop++ v.1.3.2
2024/03/21 (12:33:30) | INFO: Logger set to DEBUG
2024/03/21 (12:33:30) | DEBUG: Using locale en_US.UTF-8
2024/03/21 (12:33:30) | INFO: Running on /dev/pts/0
2024/03/21 (12:33:30) | INFO: Failed to load librocm_smi64.so, AMD GPUs will not be detected: librocm_smi64.so.6: cannot open shared object file: No such file or directory
2024/03/21 (12:33:30) | DEBUG: Shared::init() : Initialized.

2024/03/25 (01:02:12) | ===> btop++ v.1.3.2
2024/03/25 (01:02:12) | INFO: Logger set to DEBUG
2024/03/25 (01:02:12) | DEBUG: Using locale en_US.UTF-8
2024/03/25 (01:02:12) | INFO: Running on /dev/pts/0
2024/03/25 (01:02:12) | INFO: Failed to load librocm_smi64.so, AMD GPUs will not be detected: librocm_smi64.so.6: cannot open shared object file: No such file or directory
2024/03/25 (01:02:12) | DEBUG: Shared::init() : Initialized.

2024/03/25 (18:21:10) | ===> btop++ v.1.3.2
2024/03/25 (18:21:10) | INFO: Logger set to DEBUG
2024/03/25 (18:21:10) | DEBUG: Using locale en_US.UTF-8
2024/03/25 (18:21:10) | INFO: Running on /dev/pts/0
2024/03/25 (18:21:10) | INFO: Failed to load librocm_smi64.so, AMD GPUs will not be detected: librocm_smi64.so.6: cannot open shared object file: No such file or directory
2024/03/25 (18:21:10) | DEBUG: Shared::init() : Initialized.

2024/03/28 (18:20:46) | ===> btop++ v.1.3.2
2024/03/28 (18:20:46) | INFO: Logger set to DEBUG
2024/03/28 (18:20:46) | DEBUG: Using locale en_US.UTF-8
2024/03/28 (18:20:46) | INFO: Running on /dev/pts/2
2024/03/28 (18:20:46) | INFO: Failed to load librocm_smi64.so, AMD GPUs will not be detected: librocm_smi64.so.6: cannot open shared object file: No such file or directory
2024/03/28 (18:20:46) | DEBUG: Shared::init() : Initialized.
2024/03/28 (18:51:14) | INFO: Quitting! Runtime: 00:30:28

2024/03/28 (19:27:18) | ===> btop++ v.1.3.2
2024/03/28 (19:27:18) | INFO: Logger set to DEBUG
2024/03/28 (19:27:18) | DEBUG: Using locale en_US.UTF-8
2024/03/28 (19:27:18) | INFO: Running on /dev/pts/0
2024/03/28 (19:27:18) | INFO: Failed to load librocm_smi64.so, AMD GPUs will not be detected: librocm_smi64.so.6: cannot open shared object file: No such file or directory
2024/03/28 (19:27:18) | DEBUG: Shared::init() : Initialized.

2024/04/02 (20:37:55) | ===> btop++ v.1.3.2
2024/04/02 (20:37:55) | INFO: Logger set to DEBUG
2024/04/02 (20:37:55) | DEBUG: Using locale en_US.UTF-8
2024/04/02 (20:37:55) | INFO: Running on /dev/pts/1
2024/04/02 (20:37:55) | INFO: Failed to load librocm_smi64.so, AMD GPUs will not be detected: librocm_smi64.so.6: cannot open shared object file: No such file or directory
2024/04/02 (20:37:55) | DEBUG: Shared::init() : Initialized.
2024/04/02 (21:14:04) | DEBUG: Writing new config file
2024/04/02 (21:14:04) | ERROR: Exception during Config::unlock() : unordered_map::at
2024/04/02 (21:14:04) | INFO: Quitting! Runtime: 00:36:09

2024/04/02 (21:14:06) | ===> btop++ v.1.3.2
2024/04/02 (21:14:06) | INFO: Logger set to DEBUG
2024/04/02 (21:14:06) | DEBUG: Using locale en_US.UTF-8
2024/04/02 (21:14:06) | INFO: Running on /dev/pts/1
2024/04/02 (21:14:06) | INFO: Failed to load librocm_smi64.so, AMD GPUs will not be detected: librocm_smi64.so.6: cannot open shared object file: No such file or directory
2024/04/02 (21:14:06) | DEBUG: Shared::init() : Initialized.

2024/04/02 (22:48:53) | ===> btop++ v.1.3.2
2024/04/02 (22:48:53) | INFO: Logger set to DEBUG
2024/04/02 (22:48:53) | DEBUG: Using locale en_US.UTF-8
2024/04/02 (22:48:53) | INFO: Running on /dev/pts/0
2024/04/02 (22:48:53) | INFO: Failed to load librocm_smi64.so, AMD GPUs will not be detected: librocm_smi64.so.6: cannot open shared object file: No such file or directory
2024/04/02 (22:48:53) | DEBUG: Shared::init() : Initialized.

2024/04/03 (04:33:58) | ===> btop++ v.1.3.2
2024/04/03 (04:33:58) | INFO: Logger set to DEBUG
2024/04/03 (04:33:58) | DEBUG: Using locale en_US.UTF-8
2024/04/03 (04:33:58) | INFO: Running on /dev/pts/0
2024/04/03 (04:33:58) | INFO: Failed to load librocm_smi64.so, AMD GPUs will not be detected: librocm_smi64.so.6: cannot open shared object file: No such file or directory
2024/04/03 (04:33:58) | DEBUG: Shared::init() : Initialized.

2024/04/03 (04:34:52) | ===> btop++ v.1.3.2
2024/04/03 (04:34:52) | INFO: Logger set to DEBUG
2024/04/03 (04:34:52) | DEBUG: Using locale en_US.UTF-8
2024/04/03 (04:34:52) | INFO: Running on /dev/pts/0
2024/04/03 (04:34:52) | INFO: Failed to load librocm_smi64.so, AMD GPUs will not be detected: librocm_smi64.so.6: cannot open shared object file: No such file or directory
2024/04/03 (04:34:52) | DEBUG: Shared::init() : Initialized.

2024/04/03 (21:58:15) | ===> btop++ v.1.3.2
2024/04/03 (21:58:15) | INFO: Logger set to DEBUG
2024/04/03 (21:58:15) | DEBUG: Using locale en_US.UTF-8
2024/04/03 (21:58:15) | INFO: Running on /dev/pts/1
2024/04/03 (21:58:15) | INFO: Failed to load librocm_smi64.so, AMD GPUs will not be detected: librocm_smi64.so.6: cannot open shared object file: No such file or directory
2024/04/03 (21:58:15) | DEBUG: Shared::init() : Initialized.

2024/04/03 (23:05:06) | ===> btop++ v.1.3.2
2024/04/03 (23:05:06) | INFO: Logger set to DEBUG
2024/04/03 (23:05:06) | DEBUG: Using locale en_US.UTF-8
2024/04/03 (23:05:06) | INFO: Running on /dev/pts/1
2024/04/03 (23:05:09) | DEBUG: Failed to initialize NVML, NVIDIA GPUs will not be detected: Driver Not Loaded
2024/04/03 (23:05:09) | INFO: Failed to load librocm_smi64.so, AMD GPUs will not be detected: librocm_smi64.so.6: cannot open shared object file: No such file or directory
2024/04/03 (23:05:09) | DEBUG: Shared::init() : Initialized.
2024/04/03 (23:05:31) | INFO: Quitting! Runtime: 00:00:25

2024/04/03 (23:05:58) | ===> btop++ v.1.3.2
2024/04/03 (23:05:58) | INFO: Logger set to DEBUG
2024/04/03 (23:05:58) | DEBUG: Using locale en_US.UTF-8
2024/04/03 (23:05:58) | INFO: Running on /dev/pts/1
2024/04/03 (23:06:01) | DEBUG: Failed to initialize NVML, NVIDIA GPUs will not be detected: Driver Not Loaded
2024/04/03 (23:06:01) | INFO: Failed to load librocm_smi64.so, AMD GPUs will not be detected: librocm_smi64.so.6: cannot open shared object file: No such file or directory
2024/04/03 (23:06:01) | DEBUG: Shared::init() : Initialized.

2024/04/03 (23:39:05) | ===> btop++ v.1.3.2
2024/04/03 (23:39:05) | INFO: Logger set to DEBUG
2024/04/03 (23:39:05) | DEBUG: Using locale en_US.UTF-8
2024/04/03 (23:39:05) | INFO: Running on /dev/pts/0
2024/04/03 (23:39:08) | DEBUG: Failed to initialize NVML, NVIDIA GPUs will not be detected: Driver Not Loaded
2024/04/03 (23:39:08) | INFO: Failed to load librocm_smi64.so, AMD GPUs will not be detected: librocm_smi64.so.6: cannot open shared object file: No such file or directory
2024/04/03 (23:39:08) | DEBUG: Shared::init() : Initialized.
2024/04/03 (23:40:09) | INFO: Quitting! Runtime: 00:01:04

2024/04/03 (23:40:40) | ===> btop++ v.1.3.2
2024/04/03 (23:40:40) | INFO: Logger set to DEBUG
2024/04/03 (23:40:40) | DEBUG: Using locale en_US.UTF-8
2024/04/03 (23:40:40) | INFO: Running on /dev/pts/0
2024/04/03 (23:40:43) | DEBUG: Failed to initialize NVML, NVIDIA GPUs will not be detected: Driver Not Loaded
2024/04/03 (23:40:43) | INFO: Failed to load librocm_smi64.so, AMD GPUs will not be detected: librocm_smi64.so.6: cannot open shared object file: No such file or directory
2024/04/03 (23:40:43) | DEBUG: Shared::init() : Initialized.

2024/04/04 (00:59:45) | ===> btop++ v.1.3.2
2024/04/04 (00:59:45) | INFO: Logger set to DEBUG
2024/04/04 (00:59:45) | DEBUG: Using locale en_US.UTF-8
2024/04/04 (00:59:45) | INFO: Running on /dev/pts/0
2024/04/04 (00:59:45) | INFO: Failed to load librocm_smi64.so, AMD GPUs will not be detected: librocm_smi64.so.6: cannot open shared object file: No such file or directory
2024/04/04 (00:59:45) | DEBUG: Shared::init() : Initialized.

2024/04/04 (19:43:58) | ===> btop++ v.1.3.2
2024/04/04 (19:43:58) | INFO: Logger set to DEBUG
2024/04/04 (19:43:58) | DEBUG: Using locale en_US.UTF-8
2024/04/04 (19:43:58) | INFO: Running on /dev/pts/1
2024/04/04 (19:43:58) | INFO: Failed to load librocm_smi64.so, AMD GPUs will not be detected: librocm_smi64.so.6: cannot open shared object file: No such file or directory
2024/04/04 (19:43:58) | DEBUG: Shared::init() : Initialized.

2024/04/04 (21:03:08) | ===> btop++ v.1.3.2
2024/04/04 (21:03:08) | INFO: Logger set to DEBUG
2024/04/04 (21:03:08) | DEBUG: Using locale en_US.UTF-8
2024/04/04 (21:03:08) | INFO: Running on /dev/pts/1
2024/04/04 (21:03:08) | INFO: Failed to load librocm_smi64.so, AMD GPUs will not be detected: librocm_smi64.so.6: cannot open shared object file: No such file or directory
2024/04/04 (21:03:08) | DEBUG: Shared::init() : Initialized.

2024/04/04 (22:20:00) | ===> btop++ v.1.3.2
2024/04/04 (22:20:00) | INFO: Logger set to DEBUG
2024/04/04 (22:20:00) | DEBUG: Using locale en_US.UTF-8
2024/04/04 (22:20:00) | INFO: Running on /dev/pts/2
2024/04/04 (22:20:03) | DEBUG: Failed to initialize NVML, NVIDIA GPUs will not be detected: Driver Not Loaded
2024/04/04 (22:20:03) | INFO: Failed to load librocm_smi64.so, AMD GPUs will not be detected: librocm_smi64.so.6: cannot open shared object file: No such file or directory
2024/04/04 (22:20:03) | DEBUG: Shared::init() : Initialized.

2024/04/06 (03:50:01) | ===> btop++ v.1.3.2
2024/04/06 (03:50:01) | INFO: Logger set to DEBUG
2024/04/06 (03:50:01) | DEBUG: Using locale en_US.UTF-8
2024/04/06 (03:50:01) | INFO: Running on /dev/pts/1
2024/04/06 (03:50:01) | INFO: Failed to load librocm_smi64.so, AMD GPUs will not be detected: librocm_smi64.so.6: cannot open shared object file: No such file or directory
2024/04/06 (03:50:01) | DEBUG: Shared::init() : Initialized.

2024/04/06 (17:13:57) | ===> btop++ v.1.3.2
2024/04/06 (17:13:57) | INFO: Logger set to DEBUG
2024/04/06 (17:13:57) | DEBUG: Using locale en_US.UTF-8
2024/04/06 (17:13:57) | INFO: Running on /dev/pts/2
2024/04/06 (17:13:57) | INFO: Failed to load librocm_smi64.so, AMD GPUs will not be detected: librocm_smi64.so.6: cannot open shared object file: No such file or directory
2024/04/06 (17:13:57) | DEBUG: Shared::init() : Initialized.

2024/04/06 (17:15:01) | ===> btop++ v.1.3.2
2024/04/06 (17:15:01) | INFO: Logger set to DEBUG
2024/04/06 (17:15:01) | DEBUG: Using locale en_US.UTF-8
2024/04/06 (17:15:01) | INFO: Running on /dev/pts/3
2024/04/06 (17:15:01) | INFO: Failed to load librocm_smi64.so, AMD GPUs will not be detected: librocm_smi64.so.6: cannot open shared object file: No such file or directory
2024/04/06 (17:15:01) | DEBUG: Shared::init() : Initialized.

2024/04/06 (17:17:08) | ===> btop++ v.1.3.2
2024/04/06 (17:17:08) | INFO: Logger set to DEBUG
2024/04/06 (17:17:08) | DEBUG: Using locale en_US.UTF-8
2024/04/06 (17:17:08) | INFO: Running on /dev/pts/4
2024/04/06 (17:17:08) | INFO: Failed to load librocm_smi64.so, AMD GPUs will not be detected: librocm_smi64.so.6: cannot open shared object file: No such file or directory
2024/04/06 (17:17:08) | DEBUG: Shared::init() : Initialized.
2024/04/06 (17:17:49) | INFO: Quitting! Runtime: 00:00:41

2024/04/09 (17:10:30) | ===> btop++ v.1.3.2
2024/04/09 (17:10:30) | INFO: Logger set to DEBUG
2024/04/09 (17:10:30) | DEBUG: Using locale en_US.UTF-8
2024/04/09 (17:10:30) | INFO: Running on /dev/pts/0
2024/04/09 (17:10:31) | INFO: Failed to load librocm_smi64.so, AMD GPUs will not be detected: librocm_smi64.so.6: cannot open shared object file: No such file or directory
2024/04/09 (17:10:31) | DEBUG: Shared::init() : Initialized.
2024/04/09 (17:22:51) | DEBUG: Writing new config file
2024/04/09 (17:22:51) | INFO: Quitting! Runtime: 00:12:21

2024/04/09 (17:22:52) | ===> btop++ v.1.3.2
2024/04/09 (17:22:52) | INFO: Logger set to DEBUG
2024/04/09 (17:22:52) | DEBUG: Using locale en_US.UTF-8
2024/04/09 (17:22:52) | INFO: Running on /dev/pts/0
2024/04/09 (17:22:52) | INFO: Failed to load librocm_smi64.so, AMD GPUs will not be detected: librocm_smi64.so.6: cannot open shared object file: No such file or directory
2024/04/09 (17:22:52) | DEBUG: Shared::init() : Initialized.

2024/04/10 (03:03:29) | ===> btop++ v.1.3.2
2024/04/10 (03:03:29) | INFO: Logger set to DEBUG
2024/04/10 (03:03:29) | DEBUG: Using locale en_US.UTF-8
2024/04/10 (03:03:29) | INFO: Running on /dev/pts/2
2024/04/10 (03:03:29) | INFO: Failed to load librocm_smi64.so, AMD GPUs will not be detected: librocm_smi64.so.6: cannot open shared object file: No such file or directory
2024/04/10 (03:03:29) | DEBUG: Shared::init() : Initialized.

2024/04/10 (20:16:47) | ===> btop++ v.1.3.2
2024/04/10 (20:16:47) | INFO: Logger set to DEBUG
2024/04/10 (20:16:47) | DEBUG: Using locale en_US.UTF-8
2024/04/10 (20:16:47) | INFO: Running on /dev/pts/0
2024/04/10 (20:16:47) | INFO: Failed to load librocm_smi64.so, AMD GPUs will not be detected: librocm_smi64.so.6: cannot open shared object file: No such file or directory
2024/04/10 (20:16:47) | DEBUG: Shared::init() : Initialized.

2024/04/10 (20:22:00) | ===> btop++ v.1.3.2
2024/04/10 (20:22:00) | INFO: Logger set to DEBUG
2024/04/10 (20:22:00) | DEBUG: Using locale en_US.UTF-8
2024/04/10 (20:22:00) | INFO: Running on /dev/pts/3
2024/04/10 (20:22:00) | INFO: Failed to load librocm_smi64.so, AMD GPUs will not be detected: librocm_smi64.so.6: cannot open shared object file: No such file or directory
2024/04/10 (20:22:00) | DEBUG: Shared::init() : Initialized.

2024/04/11 (20:53:19) | ===> btop++ v.1.3.2
2024/04/11 (20:53:19) | INFO: Logger set to DEBUG
2024/04/11 (20:53:19) | DEBUG: Using locale en_US.UTF-8
2024/04/11 (20:53:19) | INFO: Running on /dev/pts/0
2024/04/11 (20:53:19) | INFO: Failed to load librocm_smi64.so, AMD GPUs will not be detected: librocm_smi64.so.6: cannot open shared object file: No such file or directory
2024/04/11 (20:53:19) | DEBUG: Shared::init() : Initialized.

2024/04/13 (02:24:59) | ===> btop++ v.1.3.2
2024/04/13 (02:24:59) | INFO: Logger set to DEBUG
2024/04/13 (02:24:59) | DEBUG: Using locale en_US.UTF-8
2024/04/13 (02:24:59) | INFO: Running on /dev/pts/0
2024/04/13 (02:25:00) | INFO: Failed to load librocm_smi64.so, AMD GPUs will not be detected: librocm_smi64.so.6: cannot open shared object file: No such file or directory
2024/04/13 (02:25:00) | DEBUG: Shared::init() : Initialized.
2024/04/13 (02:25:12) | INFO: Quitting! Runtime: 00:00:13

2024/04/15 (00:46:03) | ===> btop++ v.1.3.2
2024/04/15 (00:46:03) | INFO: Logger set to DEBUG
2024/04/15 (00:46:03) | DEBUG: Using locale en_US.UTF-8
2024/04/15 (00:46:03) | INFO: Running on /dev/pts/0
2024/04/15 (00:46:03) | INFO: Failed to load librocm_smi64.so, AMD GPUs will not be detected: librocm_smi64.so.6: cannot open shared object file: No such file or directory
2024/04/15 (00:46:03) | DEBUG: Shared::init() : Initialized.

2024/04/16 (03:35:26) | ===> btop++ v.1.3.2
2024/04/16 (03:35:26) | INFO: Logger set to DEBUG
2024/04/16 (03:35:26) | DEBUG: Using locale en_US.UTF-8
2024/04/16 (03:35:26) | INFO: Running on /dev/pts/0
2024/04/16 (03:35:26) | INFO: Failed to load librocm_smi64.so, AMD GPUs will not be detected: librocm_smi64.so.6: cannot open shared object file: No such file or directory
2024/04/16 (03:35:26) | DEBUG: Shared::init() : Initialized.

2024/04/17 (21:03:01) | ===> btop++ v.1.3.2
2024/04/17 (21:03:01) | INFO: Logger set to DEBUG
2024/04/17 (21:03:01) | DEBUG: Using locale en_US.UTF-8
2024/04/17 (21:03:01) | INFO: Running on /dev/pts/0
2024/04/17 (21:03:01) | INFO: Failed to load librocm_smi64.so, AMD GPUs will not be detected: librocm_smi64.so.6: cannot open shared object file: No such file or directory
2024/04/17 (21:03:01) | DEBUG: Shared::init() : Initialized.

2024/04/18 (02:01:35) | ===> btop++ v.1.3.2
2024/04/18 (02:01:35) | INFO: Logger set to DEBUG
2024/04/18 (02:01:35) | DEBUG: Using locale en_US.UTF-8
2024/04/18 (02:01:35) | INFO: Running on /dev/pts/0
2024/04/18 (02:01:35) | INFO: Failed to load librocm_smi64.so, AMD GPUs will not be detected: librocm_smi64.so.6: cannot open shared object file: No such file or directory
2024/04/18 (02:01:35) | DEBUG: Shared::init() : Initialized.

2024/04/19 (05:04:00) | ===> btop++ v.1.3.2
2024/04/19 (05:04:00) | INFO: Logger set to DEBUG
2024/04/19 (05:04:00) | DEBUG: Using locale en_US.UTF-8
2024/04/19 (05:04:00) | INFO: Running on /dev/pts/0
2024/04/19 (05:04:00) | INFO: Failed to load librocm_smi64.so, AMD GPUs will not be detected: librocm_smi64.so.6: cannot open shared object file: No such file or directory
2024/04/19 (05:04:00) | DEBUG: Shared::init() : Initialized.

2024/04/20 (03:17:47) | ===> btop++ v.1.3.2
2024/04/20 (03:17:47) | INFO: Logger set to DEBUG
2024/04/20 (03:17:47) | DEBUG: Using locale en_US.UTF-8
2024/04/20 (03:17:47) | INFO: Running on /dev/pts/0
2024/04/20 (03:17:47) | INFO: Failed to load librocm_smi64.so, AMD GPUs will not be detected: librocm_smi64.so.6: cannot open shared object file: No such file or directory
2024/04/20 (03:17:47) | DEBUG: Shared::init() : Initialized.

2024/04/26 (02:04:56) | ===> btop++ v.1.3.2
2024/04/26 (02:04:56) | INFO: Logger set to DEBUG
2024/04/26 (02:04:56) | DEBUG: Using locale en_US.UTF-8
2024/04/26 (02:04:56) | INFO: Running on /dev/pts/0
2024/04/26 (02:04:56) | INFO: Failed to load librocm_smi64.so, AMD GPUs will not be detected: librocm_smi64.so.6: cannot open shared object file: No such file or directory
2024/04/26 (02:04:56) | DEBUG: Shared::init() : Initialized.

2024/04/26 (17:54:04) | ===> btop++ v.1.3.2
2024/04/26 (17:54:04) | INFO: Logger set to DEBUG
2024/04/26 (17:54:04) | DEBUG: Using locale en_US.UTF-8
2024/04/26 (17:54:04) | INFO: Running on /dev/pts/0
2024/04/26 (17:54:04) | INFO: Failed to load librocm_smi64.so, AMD GPUs will not be detected: librocm_smi64.so.6: cannot open shared object file: No such file or directory
2024/04/26 (17:54:04) | DEBUG: Shared::init() : Initialized.

2024/04/27 (02:12:00) | ===> btop++ v.1.3.2
2024/04/27 (02:12:00) | INFO: Logger set to DEBUG
2024/04/27 (02:12:00) | DEBUG: Using locale en_US.UTF-8
2024/04/27 (02:12:00) | INFO: Running on /dev/pts/0
2024/04/27 (02:12:00) | INFO: Failed to load librocm_smi64.so, AMD GPUs will not be detected: librocm_smi64.so.6: cannot open shared object file: No such file or directory
2024/04/27 (02:12:00) | DEBUG: Shared::init() : Initialized.

2024/04/29 (04:31:33) | ===> btop++ v.1.3.2
2024/04/29 (04:31:33) | INFO: Logger set to DEBUG
2024/04/29 (04:31:33) | DEBUG: Using locale en_US.UTF-8
2024/04/29 (04:31:33) | INFO: Running on /dev/pts/0
2024/04/29 (04:31:33) | INFO: Failed to load librocm_smi64.so, AMD GPUs will not be detected: librocm_smi64.so.6: cannot open shared object file: No such file or directory
2024/04/29 (04:31:33) | DEBUG: Shared::init() : Initialized.

2024/04/29 (16:56:18) | ===> btop++ v.1.3.2
2024/04/29 (16:56:18) | INFO: Logger set to DEBUG
2024/04/29 (16:56:18) | DEBUG: Using locale en_US.UTF-8
2024/04/29 (16:56:18) | INFO: Running on /dev/pts/0
2024/04/29 (16:56:18) | INFO: Failed to load librocm_smi64.so, AMD GPUs will not be detected: librocm_smi64.so.6: cannot open shared object file: No such file or directory
2024/04/29 (16:56:18) | DEBUG: Shared::init() : Initialized.

2024/04/29 (21:03:32) | ===> btop++ v.1.3.2
2024/04/29 (21:03:32) | INFO: Logger set to DEBUG
2024/04/29 (21:03:32) | DEBUG: Using locale en_US.UTF-8
2024/04/29 (21:03:32) | INFO: Running on /dev/pts/0
2024/04/29 (21:03:32) | INFO: Failed to load librocm_smi64.so, AMD GPUs will not be detected: librocm_smi64.so.6: cannot open shared object file: No such file or directory
2024/04/29 (21:03:32) | DEBUG: Shared::init() : Initialized.

2024/04/30 (16:56:23) | ===> btop++ v.1.3.2
2024/04/30 (16:56:23) | INFO: Logger set to DEBUG
2024/04/30 (16:56:23) | DEBUG: Using locale en_US.UTF-8
2024/04/30 (16:56:23) | INFO: Running on /dev/pts/1
2024/04/30 (16:56:23) | INFO: Failed to load librocm_smi64.so, AMD GPUs will not be detected: librocm_smi64.so.6: cannot open shared object file: No such file or directory
2024/04/30 (16:56:23) | DEBUG: Shared::init() : Initialized.

2024/04/30 (17:40:14) | ===> btop++ v.1.3.2
2024/04/30 (17:40:14) | INFO: Logger set to DEBUG
2024/04/30 (17:40:14) | DEBUG: Using locale en_US.UTF-8
2024/04/30 (17:40:14) | INFO: Running on /dev/pts/0
2024/04/30 (17:40:14) | INFO: Failed to load librocm_smi64.so, AMD GPUs will not be detected: librocm_smi64.so.6: cannot open shared object file: No such file or directory
2024/04/30 (17:40:14) | DEBUG: Shared::init() : Initialized.

2024/04/30 (18:25:37) | ===> btop++ v.1.3.2
2024/04/30 (18:25:37) | INFO: Logger set to DEBUG
2024/04/30 (18:25:37) | DEBUG: Using locale en_US.UTF-8
2024/04/30 (18:25:37) | INFO: Running on /dev/pts/1
2024/04/30 (18:25:37) | INFO: Failed to load librocm_smi64.so, AMD GPUs will not be detected: librocm_smi64.so.6: cannot open shared object file: No such file or directory
2024/04/30 (18:25:37) | DEBUG: Shared::init() : Initialized.

2024/04/30 (19:12:08) | ===> btop++ v.1.3.2
2024/04/30 (19:12:08) | INFO: Logger set to DEBUG
2024/04/30 (19:12:08) | DEBUG: Using locale en_US.UTF-8
2024/04/30 (19:12:08) | INFO: Running on /dev/pts/0
2024/04/30 (19:12:08) | INFO: Failed to load librocm_smi64.so, AMD GPUs will not be detected: librocm_smi64.so.6: cannot open shared object file: No such file or directory
2024/04/30 (19:12:08) | DEBUG: Shared::init() : Initialized.

2024/05/04 (04:53:45) | ===> btop++ v.1.3.2
2024/05/04 (04:53:45) | INFO: Logger set to DEBUG
2024/05/04 (04:53:45) | DEBUG: Using locale en_US.UTF-8
2024/05/04 (04:53:45) | INFO: Running on /dev/pts/0
2024/05/04 (04:53:45) | INFO: Failed to load librocm_smi64.so, AMD GPUs will not be detected: librocm_smi64.so.6: cannot open shared object file: No such file or directory
2024/05/04 (04:53:45) | DEBUG: Shared::init() : Initialized.

2024/05/06 (23:47:29) | ===> btop++ v.1.3.2
2024/05/06 (23:47:29) | INFO: Logger set to DEBUG
2024/05/06 (23:47:29) | DEBUG: Using locale en_US.UTF-8
2024/05/06 (23:47:29) | INFO: Running on /dev/pts/0
2024/05/06 (23:47:29) | INFO: Failed to load librocm_smi64.so, AMD GPUs will not be detected: librocm_smi64.so.6: cannot open shared object file: No such file or directory
2024/05/06 (23:47:29) | DEBUG: Shared::init() : Initialized.
2024/05/06 (23:57:19) | ERROR: Couldn't determine terminal size of "STDOUT_FILENO"!
2024/05/06 (23:57:19) | ERROR: Couldn't determine terminal size of "/dev/tty"!

2024/05/07 (03:40:51) | ===> btop++ v.1.3.2
2024/05/07 (03:40:51) | INFO: Logger set to DEBUG
2024/05/07 (03:40:51) | DEBUG: Using locale en_US.UTF-8
2024/05/07 (03:40:51) | INFO: Running on /dev/pts/0
2024/05/07 (03:40:51) | INFO: Failed to load librocm_smi64.so, AMD GPUs will not be detected: librocm_smi64.so.6: cannot open shared object file: No such file or directory
2024/05/07 (03:40:51) | DEBUG: Shared::init() : Initialized.
2024/05/07 (04:38:11) | DEBUG: Loading theme file: /usr/share/btop/themes/HotPurpleTrafficLight.theme
2024/05/07 (04:39:31) | DEBUG: Writing new config file
2024/05/07 (04:39:31) | INFO: Quitting! Runtime: 00:58:40

2024/05/07 (04:39:33) | ===> btop++ v.1.3.2
2024/05/07 (04:39:33) | INFO: Logger set to DEBUG
2024/05/07 (04:39:33) | DEBUG: Using locale en_US.UTF-8
2024/05/07 (04:39:33) | INFO: Running on /dev/pts/0
2024/05/07 (04:39:33) | INFO: Failed to load librocm_smi64.so, AMD GPUs will not be detected: librocm_smi64.so.6: cannot open shared object file: No such file or directory
2024/05/07 (04:39:33) | DEBUG: Shared::init() : Initialized.

2024/05/07 (04:40:08) | ===> btop++ v.1.3.2
2024/05/07 (04:40:08) | INFO: Logger set to DEBUG
2024/05/07 (04:40:08) | DEBUG: Using locale en_US.UTF-8
2024/05/07 (04:40:08) | INFO: Running on /dev/pts/0
2024/05/07 (04:40:09) | INFO: Failed to load librocm_smi64.so, AMD GPUs will not be detected: librocm_smi64.so.6: cannot open shared object file: No such file or directory
2024/05/07 (04:40:09) | DEBUG: Shared::init() : Initialized.

2024/05/07 (04:40:18) | ===> btop++ v.1.3.2
2024/05/07 (04:40:18) | INFO: Logger set to DEBUG
2024/05/07 (04:40:18) | DEBUG: Using locale en_US.UTF-8
2024/05/07 (04:40:18) | INFO: Running on /dev/pts/0
2024/05/07 (04:40:18) | INFO: Failed to load librocm_smi64.so, AMD GPUs will not be detected: librocm_smi64.so.6: cannot open shared object file: No such file or directory
2024/05/07 (04:40:18) | DEBUG: Shared::init() : Initialized.
2024/05/07 (04:42:17) | DEBUG: Loading theme file: /usr/share/btop/themes/HotPurpleTrafficLight.theme
2024/05/07 (04:44:06) | DEBUG: Loading theme file: /usr/share/btop/themes/HotPurpleTrafficLight.theme
2024/05/07 (04:44:09) | DEBUG: Loading theme file: /usr/share/btop/themes/HotPurpleTrafficLight.theme
2024/05/07 (04:44:10) | DEBUG: Loading theme file: /usr/share/btop/themes/adapta.theme
2024/05/07 (04:44:11) | DEBUG: Loading theme file: /usr/share/btop/themes/HotPurpleTrafficLight.theme
2024/05/07 (04:44:12) | DEBUG: Loading theme file: /usr/share/btop/themes/whiteout.theme
2024/05/07 (04:44:13) | DEBUG: Loading theme file: /usr/share/btop/themes/whiteout.theme
2024/05/07 (04:44:13) | DEBUG: Loading theme file: /usr/share/btop/themes/tomorrow-night.theme
2024/05/07 (04:44:14) | DEBUG: Loading theme file: /usr/share/btop/themes/tokyo-storm.theme
2024/05/07 (04:44:15) | DEBUG: Loading theme file: /usr/share/btop/themes/tomorrow-night.theme
2024/05/07 (04:44:15) | DEBUG: Loading theme file: /usr/share/btop/themes/tokyo-storm.theme
2024/05/07 (04:48:42) | DEBUG: Loading theme file: /usr/share/btop/themes/tokyo-night.theme
2024/05/07 (04:48:43) | DEBUG: Loading theme file: /usr/share/btop/themes/solarized_light.theme
2024/05/07 (04:48:43) | DEBUG: Loading theme file: /usr/share/btop/themes/solarized_dark.theme
2024/05/07 (04:48:43) | DEBUG: Loading theme file: /usr/share/btop/themes/paper.theme
2024/05/07 (04:48:43) | DEBUG: Loading theme file: /usr/share/btop/themes/onedark.theme
2024/05/07 (04:48:43) | DEBUG: Loading theme file: /usr/share/btop/themes/nord.theme
2024/05/07 (04:48:44) | DEBUG: Loading theme file: /usr/share/btop/themes/night-owl.theme
2024/05/07 (04:48:44) | DEBUG: Loading theme file: /usr/share/btop/themes/monokai.theme
2024/05/07 (04:48:44) | DEBUG: Loading theme file: /usr/share/btop/themes/matcha-dark-sea.theme
2024/05/07 (04:48:45) | DEBUG: Loading theme file: /usr/share/btop/themes/kyli0x.theme
2024/05/07 (04:48:45) | DEBUG: Loading theme file: /usr/share/btop/themes/horizon.theme
2024/05/07 (04:48:45) | DEBUG: Loading theme file: /usr/share/btop/themes/gruvbox_material_dark.theme
2024/05/07 (04:48:45) | DEBUG: Loading theme file: /usr/share/btop/themes/gruvbox_dark_v2.theme
2024/05/07 (04:48:46) | DEBUG: Loading theme file: /usr/share/btop/themes/gruvbox_dark.theme
2024/05/07 (04:48:46) | DEBUG: Loading theme file: /usr/share/btop/themes/greyscale.theme
2024/05/07 (04:48:46) | DEBUG: Loading theme file: /usr/share/btop/themes/flat-remix.theme
2024/05/07 (04:48:47) | DEBUG: Loading theme file: /usr/share/btop/themes/flat-remix-light.theme
2024/05/07 (04:48:47) | DEBUG: Loading theme file: /usr/share/btop/themes/everforest-dark-medium.theme
2024/05/07 (04:48:48) | DEBUG: Loading theme file: /usr/share/btop/themes/everforest-dark-hard.theme
2024/05/07 (04:48:48) | DEBUG: Loading theme file: /usr/share/btop/themes/elementarish.theme
2024/05/07 (04:48:52) | DEBUG: Loading theme file: /usr/share/btop/themes/dusklight.theme
2024/05/07 (04:48:52) | DEBUG: Loading theme file: /usr/share/btop/themes/dracula.theme
2024/05/07 (04:48:58) | DEBUG: Loading theme file: /usr/share/btop/themes/ayu.theme
2024/05/07 (04:48:58) | DEBUG: Loading theme file: /usr/share/btop/themes/adwaita.theme
2024/05/07 (04:48:59) | DEBUG: Loading theme file: /usr/share/btop/themes/adapta.theme
2024/05/07 (04:48:59) | DEBUG: Loading theme file: /usr/share/btop/themes/HotPurpleTrafficLight.theme
